<?xml version="1.0" encoding="UTF-8" ?>
<testsuite errors="0" failures="0" hostname="C0265866" name="org.decsi.jaxml.xml.NamedContentTest" tests="8" time="0.203" timestamp="2011-10-22T22:15:27">
  <properties>
    <property name="default.javac.source" value="1.6" />
    <property name="file.encoding.pkg" value="sun.io" />
    <property name="libs.toplink.maven-pom" value="" />
    <property name="javac.source" value="1.6" />
    <property name="platforms.JDK_1.4.compiler" value="modern" />
    <property name="netbeans.system_http_proxy" value="proxy.achmea.local:8080" />
    <property name="java.home" value="D:\Eigen\Programs\JAVA\jdk1.6.0_17\jre" />
    <property name="libs.eclipselinkmodelgen.classpath" value="D:\Eigen\Programs\JAVA\Netbeans7\NetBeans 7.0\java\modules\ext\eclipselink\eclipselink-jpa-modelgen-2.2.0.jar" />
    <property name="test.src.dir" value="test" />
    <property name="libs.jaxws21.src" value="" />
    <property name="javadoc.version" value="false" />
    <property name="libs.CopyLibs.classpath" value="D:\Eigen\Programs\JAVA\Netbeans7\NetBeans 7.0\java\ant\extra\org-netbeans-modules-java-j2seproject-copylibstask.jar" />
    <property name="libs.javac-api.src" value="" />
    <property name="java.endorsed.dirs" value="D:\Eigen\Programs\JAVA\jdk1.6.0_17\jre\lib\endorsed" />
    <property name="libs.MySQLDriver.classpath" value="D:\Eigen\Programs\JAVA\Netbeans7\NetBeans 7.0\ide\modules\ext\mysql-connector-java-5.1.13-bin.jar" />
    <property name="libs.jaxb.javadoc" value="D:\Eigen\Programs\JAVA\Netbeans7\NetBeans 7.0\ide\docs\jaxb-api-doc.zip" />
    <property name="libs.junit.maven-pom" value="" />
    <property name="libs.PostgreSQLDriver.src" value="" />
    <property name="src.dir" value="src" />
    <property name="sun.java2d.noddraw" value="true" />
    <property name="debug-args-line" value="-Xdebug" />
    <property name="netbeans.hash.code" value="unique=NBJDK_JAVA04ad6ad9f-0356-41a8-af20-dff1ffb40654_a52b2d0e-bdb0-4359-9a26-3ad3a59d45ec" />
    <property name="build.sysclasspath" value="ignore" />
    <property name="have.sources" value="true" />
    <property name="includes" value="**" />
    <property name="javac.fork" value="true" />
    <property name="source.encoding" value="UTF-8" />
    <property name="libs.jaxws21.classpath" value="D:\Eigen\Programs\JAVA\Netbeans7\NetBeans 7.0\ide\modules\ext\jaxb\jaxb-impl.jar;D:\Eigen\Programs\JAVA\Netbeans7\NetBeans 7.0\ide\modules\ext\jaxb\jaxb-xjc.jar;D:\Eigen\Programs\JAVA\Netbeans7\NetBeans 7.0\java\modules\ext\jaxws22\FastInfoset.jar;D:\Eigen\Programs\JAVA\Netbeans7\NetBeans 7.0\java\modules\ext\jaxws22\gmbal-api-only.jar;D:\Eigen\Programs\JAVA\Netbeans7\NetBeans 7.0\java\modules\ext\jaxws22\http.jar;D:\Eigen\Programs\JAVA\Netbeans7\NetBeans 7.0\java\modules\ext\jaxws22\jaxws-rt.jar;D:\Eigen\Programs\JAVA\Netbeans7\NetBeans 7.0\java\modules\ext\jaxws22\jaxws-tools.jar;D:\Eigen\Programs\JAVA\Netbeans7\NetBeans 7.0\java\modules\ext\jaxws22\management-api.jar;D:\Eigen\Programs\JAVA\Netbeans7\NetBeans 7.0\java\modules\ext\jaxws22\mimepull.jar;D:\Eigen\Programs\JAVA\Netbeans7\NetBeans 7.0\java\modules\ext\jaxws22\policy.jar;D:\Eigen\Programs\JAVA\Netbeans7\NetBeans 7.0\java\modules\ext\jaxws22\saaj-impl.jar;D:\Eigen\Programs\JAVA\Netbeans7\NetBeans 7.0\java\modules\ext\jaxws22\stax-ex.jar;D:\Eigen\Programs\JAVA\Netbeans7\NetBeans 7.0\java\modules\ext\jaxws22\streambuffer.jar;D:\Eigen\Programs\JAVA\Netbeans7\NetBeans 7.0\java\modules\ext\jaxws22\woodstox.jar;D:\Eigen\Programs\JAVA\Netbeans7\NetBeans 7.0\java\modules\ext\jaxws22\api\jaxws-api.jar;D:\Eigen\Programs\JAVA\Netbeans7\NetBeans 7.0\java\modules\ext\jaxws22\api\jsr181-api.jar;D:\Eigen\Programs\JAVA\Netbeans7\NetBeans 7.0\java\modules\ext\jaxws22\api\jsr250-api.jar;D:\Eigen\Programs\JAVA\Netbeans7\NetBeans 7.0\java\modules\ext\jaxws22\api\saaj-api.jar;D:\Eigen\Programs\JAVA\Netbeans7\NetBeans 7.0\ide\modules\ext\jaxb\activation.jar;D:\Eigen\Programs\JAVA\Netbeans7\NetBeans 7.0\ide\modules\ext\jaxb\api\jaxb-api.jar;D:\Eigen\Programs\JAVA\Netbeans7\NetBeans 7.0\ide\modules\ext\jaxb\api\jsr173_api.jar" />
    <property name="libs.swing-app-framework.javadoc" value="D:\Eigen\Programs\JAVA\Netbeans7\NetBeans 7.0\java\docs\appframework-1.0.3-doc.zip" />
    <property name="sun.os.patch.level" value="Service Pack 3" />
    <property name="java.vendor.url" value="http://java.sun.com/" />
    <property name="java.version" value="1.6.0_17" />
    <property name="nb.show.statistics.ui" value="usageStatisticsEnabled" />
    <property name="javac.debug" value="true" />
    <property name="org.openide.major.version" value="IDE/1" />
    <property name="run.classpath" value=":build/classes" />
    <property name="libs.PostgreSQLDriver.maven-pom" value="" />
    <property name="java.vendor.url.bug" value="http://java.sun.com/cgi-bin/bugreport.cgi" />
    <property name="netbeans.autoupdate.variant" value="" />
    <property name="libs.eclipselink.javadoc" value="" />
    <property name="libs.absolutelayout.javadoc" value="" />
    <property name="libs.junit_4.maven-pom" value="" />
    <property name="netbeans.buildnumber" value="201104080000" />
    <property name="ant.project.invoked-targets" value="test" />
    <property name="annotation.processing.run.all.processors" value="true" />
    <property name="libs.swing-app-framework.maven-pom" value="" />
    <property name="user.name" value="AA461472" />
    <property name="libs.eclipselinkmodelgen.src" value="" />
    <property name="empty.dir" value="D:\Eigen\Programs\JAVA\Netbeans\Kopie van JXmlAnnotations\build\empty" />
    <property name="sun.io.unicode.encoding" value="UnicodeLittle" />
    <property name="sun.jnu.encoding" value="Cp1252" />
    <property name="java.runtime.name" value="Java(TM) SE Runtime Environment" />
    <property name="application.vendor" value="AA461472" />
    <property name="jdk.home" value="D:\Eigen\Programs\JAVA\jdk1.6.0_17" />
    <property name="sun.awt.keepWorkingSetOnMinimize" value="true" />
    <property name="netbeans.autoupdate.version" value="1.23" />
    <property name="netbeans.dirs" value="D:\Eigen\Programs\JAVA\Netbeans7\NetBeans 7.0\nb;D:\Eigen\Programs\JAVA\Netbeans7\NetBeans 7.0\ergonomics;D:\Eigen\Programs\JAVA\Netbeans7\NetBeans 7.0\ide;D:\Eigen\Programs\JAVA\Netbeans7\NetBeans 7.0\java;D:\Eigen\Programs\JAVA\Netbeans7\NetBeans 7.0\xml;D:\Eigen\Programs\JAVA\Netbeans7\NetBeans 7.0\apisupport;D:\Eigen\Programs\JAVA\Netbeans7\NetBeans 7.0\webcommon;D:\Eigen\Programs\JAVA\Netbeans7\NetBeans 7.0\websvccommon;D:\Eigen\Programs\JAVA\Netbeans7\NetBeans 7.0\enterprise;D:\Eigen\Programs\JAVA\Netbeans7\NetBeans 7.0\mobility;D:\Eigen\Programs\JAVA\Netbeans7\NetBeans 7.0\profiler;D:\Eigen\Programs\JAVA\Netbeans7\NetBeans 7.0\ruby;D:\Eigen\Programs\JAVA\Netbeans7\NetBeans 7.0\python;D:\Eigen\Programs\JAVA\Netbeans7\NetBeans 7.0\php;D:\Eigen\Programs\JAVA\Netbeans7\NetBeans 7.0\visualweb;D:\Eigen\Programs\JAVA\Netbeans7\NetBeans 7.0\soa;D:\Eigen\Programs\JAVA\Netbeans7\NetBeans 7.0\identity;D:\Eigen\Programs\JAVA\Netbeans7\NetBeans 7.0\uml;D:\Eigen\Programs\JAVA\Netbeans7\NetBeans 7.0\harness;D:\Eigen\Programs\JAVA\Netbeans7\NetBeans 7.0\cnd;D:\Eigen\Programs\JAVA\Netbeans7\NetBeans 7.0\dlight;D:\Eigen\Programs\JAVA\Netbeans7\NetBeans 7.0\groovy;D:\Eigen\Programs\JAVA\Netbeans7\NetBeans 7.0\extra;D:\Eigen\Programs\JAVA\Netbeans7\NetBeans 7.0\javafx;D:\Eigen\Programs\JAVA\Netbeans7\NetBeans 7.0\javacard" />
    <property name="java.specification.name" value="Java Platform API Specification" />
    <property name="javadoc.author" value="false" />
    <property name="libs.hibernate-support.javadoc" value="" />
    <property name="ap.proc.none.internal" value="" />
    <property name="user.timezone" value="" />
    <property name="netbeans.system_http_non_proxy_hosts" value="*.agila.rf.ra.nl;*.amg.nl;*.apl.achmea.nl;*.arbogroep.nl;www.atasp.nl*;*.corp;*.es.achmea.nl;*.eur.tld;*.finance-eureko.com;*.hfd.achmea.nl;*.intra;*.intranet.achmea.nl;*.local;*.lw.achmea.nl;*.mp.achmea.nl;*.nwk.achmea.nl;*.portalsecure.rabobank.nl;*.rservices.com;*abcd.rabobank.nl;*openweb.interpolis.nl;10.*;143.176.8.*;145.219.64.8;172.23.*;*.davinci.root;*.intranet.interpolis.nl;*discussie.interpolis.nl;*rw*.rabobank.nl;*einstein-*.interpolis.nl;*rabo.interpolis.nl;*fastaov.rabobank.nl;til-mw1.*;til-mw5.*;*til-sb-*;rabonieuws.rabobank.nl;*.arbosuite.nl*;h3*.interpolis.nl;*acceptatie.rabobank.nl;*.ontwikkel*.rabobank.nl;*test*.rabobank.nl;*rf.rabobank.nl;*sgi.rabobank.nl;*closeup.interpolis.nl;til*.interpolis.nl;tridion.interpolis.nl;*swp.rabobank.nl;*cust.ssp.swiftnet.sipn.swift.com;*clientadvies.rabobank.nl;*globaweb.rabobank.nl;*far.rabonet.com;*rwc.rabobank.nl;*ehr.rabobank.nl;*telewerkportaal.rabobank.nl;*rabobankopleidingen.nl;*interfacedesign.rabobank.nl;bcp-dwb.interpolis.nl;&lt;local&gt;" />
    <property name="libs.spring-framework.maven-pom" value="" />
    <property name="libs.swing-layout.maven-pom" value="" />
    <property name="libs.junit.javadoc" value="D:\Eigen\Programs\JAVA\Netbeans7\NetBeans 7.0\java\docs\junit-3.8.2-api.zip" />
    <property name="org.openide.specification.version" value="6.2" />
    <property name="path.separator" value=";" />
    <property name="version-output" value="java version &quot;1.6" />
    <property name="libs.ejb3-persistence.src" value="" />
    <property name="libs.absolutelayout.classpath" value="D:\Eigen\Programs\JAVA\Netbeans7\NetBeans 7.0\java\modules\ext\AbsoluteLayout.jar" />
    <property name="libs.jaxb.maven-pom" value="" />
    <property name="netbeans.accept_license_class" value="org.netbeans.license.AcceptLicense" />
    <property name="file.encoding" value="Cp1252" />
    <property name="libs.eclipselink.src" value="" />
    <property name="dist.javadoc.dir" value="dist/javadoc" />
    <property name="ant.project.default-target" value="default" />
    <property name="libs.hibernate-persistence.javadoc" value="" />
    <property name="libs.ejb3-persistence.classpath" value="D:\Eigen\Programs\JAVA\Netbeans7\NetBeans 7.0\java\modules\ext\hibernate\ejb3-persistence.jar" />
    <property name="built-jar.properties" value="D:\Eigen\Programs\JAVA\Netbeans\Kopie van JXmlAnnotations\build\built-jar.properties" />
    <property name="libs.junit.src" value="" />
    <property name="ant.junit.enabletestlistenerevents" value="true" />
    <property name="ant.file" value="D:\Eigen\Programs\JAVA\Netbeans\Kopie van JXmlAnnotations\build.xml" />
    <property name="libs.junit_4.src" value="D:\Eigen\Programs\JAVA\Netbeans7\NetBeans 7.0\java\docs\junit-4.8.2-src.jar" />
    <property name="netbeans.autoupdate.language" value="nl" />
    <property name="do.jar" value="true" />
    <property name="java.io.tmpdir" value="C:\DOCUME~1\aa461472\LOCALS~1\Temp\" />
    <property name="build.test.results.dir" value="build/test/results" />
    <property name="user.language" value="nl" />
    <property name="libs.spring-framework300.src" value="" />
    <property name="line.separator" value="&#xd;&#xa;" />
    <property name="apple.laf.useScreenMenuBar" value="true" />
    <property name="libs.absolutelayout.src" value="" />
    <property name="javac.compilerargs" value="" />
    <property name="libs.hibernate-support.maven-pom" value="" />
    <property name="jar.compress" value="false" />
    <property name="debug-transport-by-os" value="dt_shmem" />
    <property name="libs.JWSAntTasks.src" value="" />
    <property name="libs.hibernate-persistence.maven-pom" value="" />
    <property name="java.vm.info" value="mixed mode, sharing" />
    <property name="libs.javac-api.maven-pom" value="" />
    <property name="javadoc.private" value="false" />
    <property name="annotation.processing.processors.list" value="" />
    <property name="sun.desktop" value="windows" />
    <property name="java.vm.specification.name" value="Java Virtual Machine Specification" />
    <property name="build.test.classes.dir" value="build/test/classes" />
    <property name="libs.jaxb.src" value="" />
    <property name="libs.MySQLDriver.javadoc" value="" />
    <property name="netbeans.dynamic.classpath" value="D:\Eigen\Programs\JAVA\Netbeans7\NetBeans 7.0\platform\core\core.jar;D:\Eigen\Programs\JAVA\Netbeans7\NetBeans 7.0\platform\core\org-openide-filesystems.jar;D:\Eigen\Programs\JAVA\Netbeans7\NetBeans 7.0\platform\core\locale\core_ja.jar;D:\Eigen\Programs\JAVA\Netbeans7\NetBeans 7.0\platform\core\locale\core_pt_BR.jar;D:\Eigen\Programs\JAVA\Netbeans7\NetBeans 7.0\platform\core\locale\core_ru.jar;D:\Eigen\Programs\JAVA\Netbeans7\NetBeans 7.0\platform\core\locale\core_zh_CN.jar;D:\Eigen\Programs\JAVA\Netbeans7\NetBeans 7.0\platform\core\locale\org-openide-filesystems_ja.jar;D:\Eigen\Programs\JAVA\Netbeans7\NetBeans 7.0\platform\core\locale\org-openide-filesystems_pt_BR.jar;D:\Eigen\Programs\JAVA\Netbeans7\NetBeans 7.0\platform\core\locale\org-openide-filesystems_ru.jar;D:\Eigen\Programs\JAVA\Netbeans7\NetBeans 7.0\platform\core\locale\org-openide-filesystems_zh_CN.jar;D:\Eigen\Programs\JAVA\Netbeans7\NetBeans 7.0\nb\core\org-netbeans-upgrader.jar;D:\Eigen\Programs\JAVA\Netbeans7\NetBeans 7.0\nb\core\locale\core_nb.jar;D:\Eigen\Programs\JAVA\Netbeans7\NetBeans 7.0\nb\core\locale\core_nb_ja.jar;D:\Eigen\Programs\JAVA\Netbeans7\NetBeans 7.0\nb\core\locale\core_nb_pt_BR.jar;D:\Eigen\Programs\JAVA\Netbeans7\NetBeans 7.0\nb\core\locale\core_nb_ru.jar;D:\Eigen\Programs\JAVA\Netbeans7\NetBeans 7.0\nb\core\locale\core_nb_zh_CN.jar;D:\Eigen\Programs\JAVA\Netbeans7\NetBeans 7.0\nb\core\locale\org-netbeans-upgrader_ja.jar;D:\Eigen\Programs\JAVA\Netbeans7\NetBeans 7.0\nb\core\locale\org-netbeans-upgrader_pt_BR.jar;D:\Eigen\Programs\JAVA\Netbeans7\NetBeans 7.0\nb\core\locale\org-netbeans-upgrader_ru.jar;D:\Eigen\Programs\JAVA\Netbeans7\NetBeans 7.0\nb\core\locale\org-netbeans-upgrader_zh_CN.jar" />
    <property name="libs.beans-binding.javadoc" value="D:\Eigen\Programs\JAVA\Netbeans7\NetBeans 7.0\java\docs\beansbinding-1.2.1-doc.zip" />
    <property name="platform.active" value="default_platform" />
    <property name="ap.cmd.line.internal" value="" />
    <property name="jdkBug6558476" value="true" />
    <property name="libs.spring-framework300.classpath" value="D:\Eigen\Programs\JAVA\Netbeans7\NetBeans 7.0\ide\modules\ext\commons-logging-1.1.jar;D:\Eigen\Programs\JAVA\Netbeans7\NetBeans 7.0\java\modules\ext\cglib-2.2.jar;D:\Eigen\Programs\JAVA\Netbeans7\NetBeans 7.0\java\modules\ext\spring-3.0\spring-aop-3.0.2.RELEASE.jar;D:\Eigen\Programs\JAVA\Netbeans7\NetBeans 7.0\java\modules\ext\spring-3.0\spring-asm-3.0.2.RELEASE.jar;D:\Eigen\Programs\JAVA\Netbeans7\NetBeans 7.0\java\modules\ext\spring-3.0\spring-aspects-3.0.2.RELEASE.jar;D:\Eigen\Programs\JAVA\Netbeans7\NetBeans 7.0\java\modules\ext\spring-3.0\spring-beans-3.0.2.RELEASE.jar;D:\Eigen\Programs\JAVA\Netbeans7\NetBeans 7.0\java\modules\ext\spring-3.0\spring-context-3.0.2.RELEASE.jar;D:\Eigen\Programs\JAVA\Netbeans7\NetBeans 7.0\java\modules\ext\spring-3.0\spring-context-support-3.0.2.RELEASE.jar;D:\Eigen\Programs\JAVA\Netbeans7\NetBeans 7.0\java\modules\ext\spring-3.0\spring-core-3.0.2.RELEASE.jar;D:\Eigen\Programs\JAVA\Netbeans7\NetBeans 7.0\java\modules\ext\spring-3.0\spring-expression-3.0.2.RELEASE.jar;D:\Eigen\Programs\JAVA\Netbeans7\NetBeans 7.0\java\modules\ext\spring-3.0\spring-instrument-3.0.2.RELEASE.jar;D:\Eigen\Programs\JAVA\Netbeans7\NetBeans 7.0\java\modules\ext\spring-3.0\spring-instrument-tomcat-3.0.2.RELEASE.jar;D:\Eigen\Programs\JAVA\Netbeans7\NetBeans 7.0\java\modules\ext\spring-3.0\spring-jdbc-3.0.2.RELEASE.jar;D:\Eigen\Programs\JAVA\Netbeans7\NetBeans 7.0\java\modules\ext\spring-3.0\spring-jms-3.0.2.RELEASE.jar;D:\Eigen\Programs\JAVA\Netbeans7\NetBeans 7.0\java\modules\ext\spring-3.0\spring-orm-3.0.2.RELEASE.jar;D:\Eigen\Programs\JAVA\Netbeans7\NetBeans 7.0\java\modules\ext\spring-3.0\spring-oxm-3.0.2.RELEASE.jar;D:\Eigen\Programs\JAVA\Netbeans7\NetBeans 7.0\java\modules\ext\spring-3.0\spring-test-3.0.2.RELEASE.jar;D:\Eigen\Programs\JAVA\Netbeans7\NetBeans 7.0\java\modules\ext\spring-3.0\spring-tx-3.0.2.RELEASE.jar;D:\Eigen\Programs\JAVA\Netbeans7\NetBeans 7.0\java\modules\ext\spring-3.0\spring-web-3.0.2.RELEASE.jar;D:\Eigen\Programs\JAVA\Netbeans7\NetBeans 7.0\java\modules\ext\spring-3.0\spring-webmvc-portlet-3.0.2.RELEASE.jar;D:\Eigen\Programs\JAVA\Netbeans7\NetBeans 7.0\java\modules\ext\spring-3.0\spring-webmvc-3.0.2.RELEASE.jar;D:\Eigen\Programs\JAVA\Netbeans7\NetBeans 7.0\java\modules\ext\spring-3.0\spring-struts-3.0.2.RELEASE.jar" />
    <property name="libs.junit_4.javadoc" value="D:\Eigen\Programs\JAVA\Netbeans7\NetBeans 7.0\java\docs\junit-4.8.2-api.zip" />
    <property name="endorsed.classpath" value="" />
    <property name="libs.spring-framework.src" value="" />
    <property name="netbeans.autoupdate.country" value="NL" />
    <property name="ant.file.type.JXmlAnnotations-impl" value="file" />
    <property name="libs.beans-binding.maven-pom" value="" />
    <property name="javadoc.encoding" value="UTF-8" />
    <property name="java.awt.printerjob" value="sun.awt.windows.WPrinterJob" />
    <property name="ap.processors.internal" value="" />
    <property name="do.archive" value="true" />
    <property name="dist.jar" value="dist/JXmlAnnotations.jar" />
    <property name="meta.inf.dir" value="src/META-INF" />
    <property name="ant.version" value="Apache Ant(TM) version 1.8.2 compiled on December 20 2010" />
    <property name="netbeans.home" value="D:\Eigen\Programs\JAVA\Netbeans7\NetBeans 7.0\platform" />
    <property name="javadoc.nonavbar" value="false" />
    <property name="user.properties.file" value="D:\Eigen\Programs\JAVA\Netbeans7\.netbeans\7.0\build.properties" />
    <property name="libs.JWSAntTasks.classpath" value="D:\Eigen\Programs\JAVA\Netbeans7\NetBeans 7.0\java\ant\extra\org-netbeans-modules-javawebstart-anttasks.jar" />
    <property name="libs.toplink.classpath" value="D:\Eigen\Programs\JAVA\Netbeans7\NetBeans 7.0\java\modules\ext\toplink\toplink-essentials.jar;D:\Eigen\Programs\JAVA\Netbeans7\NetBeans 7.0\java\modules\ext\toplink\toplink-essentials-agent.jar" />
    <property name="netbeans.importclass" value="org.netbeans.upgrade.AutoUpgrade" />
    <property name="libs.spring-framework.javadoc" value="" />
    <property name="annotation.processing.source.output" value="build/generated-sources/ap-source-output" />
    <property name="libs.CopyLibs.maven-pom" value="" />
    <property name="useJavaUtilZip" value="true" />
    <property name="build.generated.dir" value="build/generated" />
    <property name="netbeans.home+have.tests" value="true" />
    <property name="libs.eclipselink.maven-pom" value="" />
    <property name="apple.awt.graphics.UseQuartz" value="true" />
    <property name="os.name" value="Windows XP" />
    <property name="java.specification.vendor" value="Sun Microsystems Inc." />
    <property name="run.test.classpath" value=":build/classes:D:\Eigen\Programs\JAVA\Netbeans7\NetBeans 7.0\platform\modules\ext\junit-4.8.2.jar:build/test/classes:D:\Eigen\Programs\JAVA\Netbeans7\NetBeans 7.0\platform\modules\ext\junit-4.8.2.jar" />
    <property name="java.vm.name" value="Java HotSpot(TM) Client VM" />
    <property name="libs.CopyLibs.src" value="" />
    <property name="org.openide.version" value="deprecated" />
    <property name="libs.beans-binding.src" value="" />
    <property name="libs.junit.classpath" value="D:\Eigen\Programs\JAVA\Netbeans7\NetBeans 7.0\java\modules\ext\junit-3.8.2.jar" />
    <property name="ap.supported.internal" value="true" />
    <property name="java.library.path" value="D:\Eigen\Programs\JAVA\jdk1.6.0_17\jre\bin;.;C:\WINDOWS\Sun\Java\bin;C:\WINDOWS\system32;C:\WINDOWS;C:\Program Files\Ecm\FileNetViewer\40210\;C:\WINDOWS;C:\WINDOWS\system32;C:\WINDOWS\System32\Wbem;C:\PROG16\ORACLE\desdev\10g\bin;C:\PROG16\ORACLE\desdev\10g\jre\1.4.2\bin;C:\PROG16\ORACLE\desdev\10g\jre\1.4.2\bin\client;C:\prog16\oracle\desdev\6i410\BIN\;C:\prog16\oracle\desdev\6i410\jdk\bin\;C:\prog16\oracle\desdev\6i410\REPADM61\jre1_4\bin\;C:\prog16\oracle\desdev\6i410\REPADM61\jre1_4\bin\client\;C:\prog16\oracle\jre\1.1.8\bin\;C:\prog16\oracle\jre\1.3.1\bin;C:\prog16\oracle\ora81\bin\;C:\prog16\oracle\ora92\Bin;C:\prog16\oracle\ora92\jre\1.4.2\bin\;C:\prog16\oracle\ora92\jre\1.4.2\bin\client\;C:\Program Files\Achmea\WebSphereMQClient\53\bin;C:\Program Files\Microsoft Application Virtualization Client;C:\Program Files\Windows Imaging\;C:\WINDOWS\system32\WindowsPowerShell\v1.0;C:\Program Files\TortoiseSVN\bin;D:\Eigen\Programs\Lyx\MikTex\miktex\bin" />
    <property name="libs.toplink.javadoc" value="" />
    <property name="libs.PostgreSQLDriver.javadoc" value="" />
    <property name="libs.eclipselinkmodelgen.maven-pom" value="" />
    <property name="ant.java.version" value="1.6" />
    <property name="javadoc.noindex" value="false" />
    <property name="basedir" value="D:\Eigen\Programs\JAVA\Netbeans\Kopie van JXmlAnnotations" />
    <property name="java.class.version" value="50.0" />
    <property name="sun.awt.exception.handler" value="org.netbeans.core.startup.TopLogging$AWTHandler" />
    <property name="javac.test.classpath" value=":build/classes:D:\Eigen\Programs\JAVA\Netbeans7\NetBeans 7.0\platform\modules\ext\junit-4.8.2.jar" />
    <property name="javac.processorpath" value="" />
    <property name="ant.home" value="D:\Eigen\Programs\JAVA\Netbeans7\NetBeans 7.0\java\ant" />
    <property name="libs.hibernate-persistence.src" value="" />
    <property name="javadoc.splitindex" value="true" />
    <property name="libs.toplink.src" value="" />
    <property name="libs.javac-api.javadoc" value="" />
    <property name="javac.test.processorpath" value=":build/classes:D:\Eigen\Programs\JAVA\Netbeans7\NetBeans 7.0\platform\modules\ext\junit-4.8.2.jar" />
    <property name="javadoc.preview" value="true" />
    <property name="libs.MySQLDriver.maven-pom" value="" />
    <property name="libs.CopyLibs.javadoc" value="" />
    <property name="libs.PostgreSQLDriver.classpath" value="D:\Eigen\Programs\JAVA\Netbeans7\NetBeans 7.0\ide\modules\ext\postgresql-8.3-603.jdbc3.jar" />
    <property name="junit.forkmode" value="perTest" />
    <property name="libs.jaxws21.maven-pom" value="" />
    <property name="libs.junit_4.classpath" value="D:\Eigen\Programs\JAVA\Netbeans7\NetBeans 7.0\platform\modules\ext\junit-4.8.2.jar" />
    <property name="build.dir" value="build" />
    <property name="sun.boot.library.path" value="D:\Eigen\Programs\JAVA\jdk1.6.0_17\jre\bin" />
    <property name="application.title" value="JXmlAnnotations" />
    <property name="sun.management.compiler" value="HotSpot Client Compiler" />
    <property name="libs.swing-app-framework.classpath" value="D:\Eigen\Programs\JAVA\Netbeans7\NetBeans 7.0\java\modules\ext\appframework-1.0.3.jar;D:\Eigen\Programs\JAVA\Netbeans7\NetBeans 7.0\java\modules\ext\swing-worker-1.1.jar" />
    <property name="libs.ejb3-persistence.javadoc" value="" />
    <property name="user.variant" value="" />
    <property name="java.awt.graphicsenv" value="sun.awt.Win32GraphicsEnvironment" />
    <property name="javadoc.encoding.used" value="UTF-8" />
    <property name="javadoc.windowtitle" value="" />
    <property name="libs.hibernate-support.src" value="" />
    <property name="annotation.processing.enabled" value="true" />
    <property name="build.generated.sources.dir" value="build/generated-sources" />
    <property name="run.jvmargs" value="" />
    <property name="build.compiler.emacs" value="true" />
    <property name="ant.project.name" value="JXmlAnnotations" />
    <property name="libs.swing-layout.classpath" value="D:\Eigen\Programs\JAVA\Netbeans7\NetBeans 7.0\platform\modules\ext\swing-layout-1.0.4.jar" />
    <property name="libs.spring-framework.classpath" value="D:\Eigen\Programs\JAVA\Netbeans7\NetBeans 7.0\ide\modules\ext\commons-logging-1.1.jar;D:\Eigen\Programs\JAVA\Netbeans7\NetBeans 7.0\java\modules\ext\cglib-2.2.jar;D:\Eigen\Programs\JAVA\Netbeans7\NetBeans 7.0\java\modules\ext\spring\spring-2.5.6.SEC01.jar" />
    <property name="org.openide.awt.SwingBrowserImpl.do-not-block-awt" value="false" />
    <property name="ant.file.JXmlAnnotations" value="D:\Eigen\Programs\JAVA\Netbeans\Kopie van JXmlAnnotations\build.xml" />
    <property name="java.vm.specification.version" value="1.0" />
    <property name="libs.jaxb.classpath" value="D:\Eigen\Programs\JAVA\Netbeans7\NetBeans 7.0\ide\modules\ext\jaxb\jaxb-impl.jar;D:\Eigen\Programs\JAVA\Netbeans7\NetBeans 7.0\ide\modules\ext\jaxb\jaxb-xjc.jar;D:\Eigen\Programs\JAVA\Netbeans7\NetBeans 7.0\ide\modules\ext\jaxb\jaxb1-impl.jar;D:\Eigen\Programs\JAVA\Netbeans7\NetBeans 7.0\ide\modules\ext\jaxb\activation.jar;D:\Eigen\Programs\JAVA\Netbeans7\NetBeans 7.0\ide\modules\ext\jaxb\api\jaxb-api.jar;D:\Eigen\Programs\JAVA\Netbeans7\NetBeans 7.0\ide\modules\ext\jaxb\api\jsr173_api.jar" />
    <property name="work.dir" value="D:\Eigen\Programs\JAVA\Netbeans\Kopie van JXmlAnnotations" />
    <property name="awt.toolkit" value="sun.awt.windows.WToolkit" />
    <property name="javadoc.use" value="true" />
    <property name="sun.cpu.isalist" value="pentium_pro+mmx pentium_pro pentium+mmx pentium i486 i386 i86" />
    <property name="ant.file.type.JXmlAnnotations" value="file" />
    <property name="java.ext.dirs" value="D:\Eigen\Programs\JAVA\jdk1.6.0_17\jre\lib\ext;C:\WINDOWS\Sun\Java\lib\ext" />
    <property name="os.version" value="5.1" />
    <property name="excludes" value="" />
    <property name="user.home" value="C:\Documents and Settings\aa461472" />
    <property name="org.xml.sax.driver" value="com.sun.org.apache.xerces.internal.jaxp.SAXParserImpl$JAXPSAXParser" />
    <property name="ant.file.JXmlAnnotations-impl" value="D:\Eigen\Programs\JAVA\Netbeans\Kopie van JXmlAnnotations\nbproject\build-impl.xml" />
    <property name="java.vm.vendor" value="Sun Microsystems Inc." />
    <property name="libs.absolutelayout.maven-pom" value="" />
    <property name="platforms.JDK_1.4.bootclasspath" value="C:\PROG16\ORACLE\desdev\10g\jdk\jre\lib\rt.jar;C:\PROG16\ORACLE\desdev\10g\jdk\jre\lib\i18n.jar;C:\PROG16\ORACLE\desdev\10g\jdk\jre\lib\sunrsasign.jar;C:\PROG16\ORACLE\desdev\10g\jdk\jre\lib\jsse.jar;C:\PROG16\ORACLE\desdev\10g\jdk\jre\lib\jce.jar;C:\PROG16\ORACLE\desdev\10g\jdk\jre\lib\charsets.jar;C:\PROG16\ORACLE\desdev\10g\jdk\jre\classes;C:\PROG16\ORACLE\desdev\10g\jdk\jre\lib\ext\activation.jar;C:\PROG16\ORACLE\desdev\10g\jdk\jre\lib\ext\dnsns.jar;C:\PROG16\ORACLE\desdev\10g\jdk\jre\lib\ext\jta.jar;C:\PROG16\ORACLE\desdev\10g\jdk\jre\lib\ext\ldapsec.jar;C:\PROG16\ORACLE\desdev\10g\jdk\jre\lib\ext\localedata.jar;C:\PROG16\ORACLE\desdev\10g\jdk\jre\lib\ext\mail.jar;C:\PROG16\ORACLE\desdev\10g\jdk\jre\lib\ext\mailapi.jar;C:\PROG16\ORACLE\desdev\10g\jdk\jre\lib\ext\smtp.jar;C:\PROG16\ORACLE\desdev\10g\jdk\jre\lib\ext\sunjce_provider.jar" />
    <property name="user.dir" value="D:\Eigen\Programs\JAVA\Netbeans\Kopie van JXmlAnnotations" />
    <property name="debug-transport" value="dt_shmem" />
    <property name="libs.ejb3-persistence.maven-pom" value="" />
    <property name="application.args" value="" />
    <property name="sun.cpu.endian" value="little" />
    <property name="compile.on.save" value="true" />
    <property name="ignore.failing.tests" value="true" />
    <property name="libs.hibernate-support.classpath" value="D:\Eigen\Programs\JAVA\Netbeans7\NetBeans 7.0\java\modules\ext\hibernate\antlr-2.7.6.jar;D:\Eigen\Programs\JAVA\Netbeans7\NetBeans 7.0\java\modules\ext\hibernate\asm.jar;D:\Eigen\Programs\JAVA\Netbeans7\NetBeans 7.0\java\modules\ext\hibernate\asm-attrs.jar;D:\Eigen\Programs\JAVA\Netbeans7\NetBeans 7.0\java\modules\ext\hibernate\cglib-2.1.3.jar;D:\Eigen\Programs\JAVA\Netbeans7\NetBeans 7.0\java\modules\ext\hibernate\commons-collections-2.1.1.jar;D:\Eigen\Programs\JAVA\Netbeans7\NetBeans 7.0\ide\modules\ext\commons-logging-1.1.jar;D:\Eigen\Programs\JAVA\Netbeans7\NetBeans 7.0\java\modules\ext\hibernate\dom4j-1.6.1.jar;D:\Eigen\Programs\JAVA\Netbeans7\NetBeans 7.0\java\modules\ext\hibernate\ehcache-1.2.3.jar;D:\Eigen\Programs\JAVA\Netbeans7\NetBeans 7.0\java\modules\ext\hibernate\jdbc2_0-stdext.jar;D:\Eigen\Programs\JAVA\Netbeans7\NetBeans 7.0\java\modules\ext\hibernate\jta.jar;D:\Eigen\Programs\JAVA\Netbeans7\NetBeans 7.0\java\modules\ext\hibernate\hibernate3.jar;D:\Eigen\Programs\JAVA\Netbeans7\NetBeans 7.0\java\modules\ext\hibernate\hibernate-tools.jar;D:\Eigen\Programs\JAVA\Netbeans7\NetBeans 7.0\java\modules\ext\hibernate\hibernate-annotations.jar;D:\Eigen\Programs\JAVA\Netbeans7\NetBeans 7.0\java\modules\ext\hibernate\hibernate-commons-annotations.jar;D:\Eigen\Programs\JAVA\Netbeans7\NetBeans 7.0\java\modules\ext\hibernate\hibernate-entitymanager.jar;D:\Eigen\Programs\JAVA\Netbeans7\NetBeans 7.0\java\modules\ext\hibernate\javassist.jar" />
    <property name="libs.eclipselinkmodelgen.javadoc" value="" />
    <property name="endorsed.classpath.cmd.line.arg" value="" />
    <property name="jar.index" value="false" />
    <property name="libs.spring-framework300.javadoc" value="" />
    <property name="netbeans.automatic.build" value="true" />
    <property name="libs.MySQLDriver.src" value="" />
    <property name="java.vm.version" value="14.3-b01" />
    <property name="java.class.path" value="D:\Eigen\Programs\JAVA\Netbeans\Kopie van JXmlAnnotations\build\classes;D:\Eigen\Programs\JAVA\Netbeans7\NetBeans 7.0\platform\modules\ext\junit-4.8.2.jar;D:\Eigen\Programs\JAVA\Netbeans\Kopie van JXmlAnnotations\build\test\classes;D:\Eigen\Programs\JAVA\Netbeans7\NetBeans 7.0\java\ant\lib\ant-launcher.jar;D:\Eigen\Programs\JAVA\Netbeans7\NetBeans 7.0\java\ant\lib\ant.jar;D:\Eigen\Programs\JAVA\Netbeans7\NetBeans 7.0\java\ant\lib\ant-junit.jar;D:\Eigen\Programs\JAVA\Netbeans7\NetBeans 7.0\java\ant\lib\ant-junit4.jar" />
    <property name="libs.hibernate-persistence.classpath" value="D:\Eigen\Programs\JAVA\Netbeans7\NetBeans 7.0\java\modules\ext\hibernate\antlr-2.7.6.jar;D:\Eigen\Programs\JAVA\Netbeans7\NetBeans 7.0\java\modules\ext\hibernate\asm.jar;D:\Eigen\Programs\JAVA\Netbeans7\NetBeans 7.0\java\modules\ext\hibernate\asm-attrs.jar;D:\Eigen\Programs\JAVA\Netbeans7\NetBeans 7.0\java\modules\ext\hibernate\cglib-2.1.3.jar;D:\Eigen\Programs\JAVA\Netbeans7\NetBeans 7.0\java\modules\ext\hibernate\commons-collections-2.1.1.jar;D:\Eigen\Programs\JAVA\Netbeans7\NetBeans 7.0\ide\modules\ext\commons-logging-1.1.jar;D:\Eigen\Programs\JAVA\Netbeans7\NetBeans 7.0\java\modules\ext\hibernate\dom4j-1.6.1.jar;D:\Eigen\Programs\JAVA\Netbeans7\NetBeans 7.0\java\modules\ext\hibernate\ehcache-1.2.3.jar;D:\Eigen\Programs\JAVA\Netbeans7\NetBeans 7.0\java\modules\ext\hibernate\jdbc2_0-stdext.jar;D:\Eigen\Programs\JAVA\Netbeans7\NetBeans 7.0\java\modules\ext\hibernate\jta.jar;D:\Eigen\Programs\JAVA\Netbeans7\NetBeans 7.0\java\modules\ext\hibernate\hibernate3.jar;D:\Eigen\Programs\JAVA\Netbeans7\NetBeans 7.0\java\modules\ext\hibernate\hibernate-tools.jar;D:\Eigen\Programs\JAVA\Netbeans7\NetBeans 7.0\java\modules\ext\hibernate\hibernate-annotations.jar;D:\Eigen\Programs\JAVA\Netbeans7\NetBeans 7.0\java\modules\ext\hibernate\hibernate-commons-annotations.jar;D:\Eigen\Programs\JAVA\Netbeans7\NetBeans 7.0\java\modules\ext\hibernate\hibernate-entitymanager.jar;D:\Eigen\Programs\JAVA\Netbeans7\NetBeans 7.0\java\modules\ext\hibernate\javassist.jar;D:\Eigen\Programs\JAVA\Netbeans7\NetBeans 7.0\java\modules\ext\hibernate\ejb3-persistence.jar" />
    <property name="annotation.processing.processor.options" value="" />
    <property name="tests.failed" value="true" />
    <property name="os.arch" value="x86" />
    <property name="javac.deprecation" value="false" />
    <property name="build.classes.excludes" value="**/*.java,**/*.form" />
    <property name="dist.dir" value="dist" />
    <property name="netbeans.user" value="D:\Eigen\Programs\JAVA\Netbeans7\.netbeans\7.0" />
    <property name="debug.classpath" value=":build/classes" />
    <property name="sun.java.launcher" value="SUN_STANDARD" />
    <property name="jar.index.metainf" value="false" />
    <property name="platforms.JDK_1.4.home" value="C:\PROG16\ORACLE\desdev\10g\jdk" />
    <property name="annotation.processing.enabled.in.editor" value="false" />
    <property name="ant.core.lib" value="D:\Eigen\Programs\JAVA\Netbeans7\NetBeans 7.0\java\ant\lib\ant.jar" />
    <property name="java.vm.specification.vendor" value="Sun Microsystems Inc." />
    <property name="do.depend" value="false" />
    <property name="file.separator" value="\" />
    <property name="java.runtime.version" value="1.6.0_17-b04" />
    <property name="debug.test.classpath" value=":build/classes:D:\Eigen\Programs\JAVA\Netbeans7\NetBeans 7.0\platform\modules\ext\junit-4.8.2.jar:build/test/classes:D:\Eigen\Programs\JAVA\Netbeans7\NetBeans 7.0\platform\modules\ext\junit-4.8.2.jar" />
    <property name="sun.boot.class.path" value="D:\Eigen\Programs\JAVA\jdk1.6.0_17\jre\lib\resources.jar;D:\Eigen\Programs\JAVA\jdk1.6.0_17\jre\lib\rt.jar;D:\Eigen\Programs\JAVA\jdk1.6.0_17\jre\lib\sunrsasign.jar;D:\Eigen\Programs\JAVA\jdk1.6.0_17\jre\lib\jsse.jar;D:\Eigen\Programs\JAVA\jdk1.6.0_17\jre\lib\jce.jar;D:\Eigen\Programs\JAVA\jdk1.6.0_17\jre\lib\charsets.jar;D:\Eigen\Programs\JAVA\jdk1.6.0_17\jre\classes" />
    <property name="libs.beans-binding.classpath" value="D:\Eigen\Programs\JAVA\Netbeans7\NetBeans 7.0\java\modules\ext\beansbinding-1.2.1.jar" />
    <property name="have.tests" value="true" />
    <property name="libs.JWSAntTasks.maven-pom" value="" />
    <property name="java.util.logging.config.class" value="org.netbeans.core.startup.TopLogging" />
    <property name="libs.javac-api.classpath" value="D:\Eigen\Programs\JAVA\Netbeans7\NetBeans 7.0\java\modules\ext\javac-api-nb-7.0-b07.jar" />
    <property name="user.country" value="NL" />
    <property name="javadoc.notree" value="false" />
    <property name="libs.spring-framework300.maven-pom" value="" />
    <property name="libs.jaxws21.javadoc" value="D:\Eigen\Programs\JAVA\Netbeans7\NetBeans 7.0\java\docs\jaxws-api-doc.zip" />
    <property name="default.javac.target" value="1.6" />
    <property name="javadoc.additionalparam" value="" />
    <property name="javac.classpath" value="" />
    <property name="build.classes.dir" value="build/classes" />
    <property name="libs.swing-layout.javadoc" value="D:\Eigen\Programs\JAVA\Netbeans7\NetBeans 7.0\platform\docs\swing-layout-1.0.4-doc.zip" />
    <property name="libs.swing-layout.src" value="D:\Eigen\Programs\JAVA\Netbeans7\NetBeans 7.0\platform\docs\swing-layout-1.0.4-src.zip" />
    <property name="java.vendor" value="Sun Microsystems Inc." />
    <property name="javac.target" value="1.6" />
    <property name="libs.eclipselink.classpath" value="D:\Eigen\Programs\JAVA\Netbeans7\NetBeans 7.0\java\modules\ext\eclipselink\eclipselink-2.2.0.jar;D:\Eigen\Programs\JAVA\Netbeans7\NetBeans 7.0\java\modules\ext\eclipselink\eclipselink-javax.persistence-2.0.jar" />
    <property name="runtime.encoding" value="UTF-8" />
    <property name="libs.swing-app-framework.src" value="" />
    <property name="java.specification.version" value="1.6" />
    <property name="libs.JWSAntTasks.javadoc" value="" />
    <property name="mkdist.disabled" value="true" />
    <property name="sun.arch.data.model" value="32" />
  </properties>
  <testcase classname="org.decsi.jaxml.xml.NamedContentTest" name="testNullNameConstructor" time="0.0" />
  <testcase classname="org.decsi.jaxml.xml.NamedContentTest" name="testEmptyNameConstructor" time="0.0" />
  <testcase classname="org.decsi.jaxml.xml.NamedContentTest" name="testNullNameSet" time="0.0" />
  <testcase classname="org.decsi.jaxml.xml.NamedContentTest" name="testEmptyNameSet" time="0.078" />
  <testcase classname="org.decsi.jaxml.xml.NamedContentTest" name="testSetName" time="0.0" />
  <testcase classname="org.decsi.jaxml.xml.NamedContentTest" name="testGetNsPrefix" time="0.0" />
  <testcase classname="org.decsi.jaxml.xml.NamedContentTest" name="testGetQualifiedName" time="0.0" />
  <testcase classname="org.decsi.jaxml.xml.NamedContentTest" name="testEquals" time="0.0" />
  <system-out><![CDATA[]]></system-out>
  <system-err><![CDATA[]]></system-err>
</testsuite>
